[debug] [2024-11-28T16:05:25.634Z] ----------------------------------------------------------------------
[debug] [2024-11-28T16:05:25.635Z] Command:       C:\Program Files\nodejs\node.exe C:\Users\sylva\scoop\persist\nodejs-lts\bin\node_modules\firebase-tools\lib\bin\firebase.js deploy --only functions
[debug] [2024-11-28T16:05:25.636Z] CLI Version:   13.27.0
[debug] [2024-11-28T16:05:25.636Z] Platform:      win32
[debug] [2024-11-28T16:05:25.636Z] Node Version:  v18.18.0
[debug] [2024-11-28T16:05:25.637Z] Time:          Thu Nov 28 2024 17:05:25 GMT+0100 (heure normale d’Europe centrale)
[debug] [2024-11-28T16:05:25.637Z] ----------------------------------------------------------------------
[debug] 
[debug] [2024-11-28T16:05:25.705Z] > command requires scopes: ["email","openid","https://www.googleapis.com/auth/cloudplatformprojects.readonly","https://www.googleapis.com/auth/firebase","https://www.googleapis.com/auth/cloud-platform"]
[debug] [2024-11-28T16:05:25.706Z] > authorizing via signed-in user (soundboy95@gmail.com)
[debug] [2024-11-28T16:05:25.706Z] [iam] checking project hotproducthunt for permissions ["cloudfunctions.functions.create","cloudfunctions.functions.delete","cloudfunctions.functions.get","cloudfunctions.functions.list","cloudfunctions.functions.update","cloudfunctions.operations.get","firebase.projects.get"]
[debug] [2024-11-28T16:05:25.707Z] Checked if tokens are valid: true, expires at: 1732812576464
[debug] [2024-11-28T16:05:25.707Z] Checked if tokens are valid: true, expires at: 1732812576464
[debug] [2024-11-28T16:05:25.708Z] >>> [apiv2][query] POST https://cloudresourcemanager.googleapis.com/v1/projects/hotproducthunt:testIamPermissions [none]
[debug] [2024-11-28T16:05:25.708Z] >>> [apiv2][(partial)header] POST https://cloudresourcemanager.googleapis.com/v1/projects/hotproducthunt:testIamPermissions x-goog-quota-user=projects/hotproducthunt
[debug] [2024-11-28T16:05:25.709Z] >>> [apiv2][body] POST https://cloudresourcemanager.googleapis.com/v1/projects/hotproducthunt:testIamPermissions {"permissions":["cloudfunctions.functions.create","cloudfunctions.functions.delete","cloudfunctions.functions.get","cloudfunctions.functions.list","cloudfunctions.functions.update","cloudfunctions.operations.get","firebase.projects.get"]}
[debug] [2024-11-28T16:05:26.363Z] <<< [apiv2][status] POST https://cloudresourcemanager.googleapis.com/v1/projects/hotproducthunt:testIamPermissions 200
[debug] [2024-11-28T16:05:26.363Z] <<< [apiv2][body] POST https://cloudresourcemanager.googleapis.com/v1/projects/hotproducthunt:testIamPermissions {"permissions":["cloudfunctions.functions.create","cloudfunctions.functions.delete","cloudfunctions.functions.get","cloudfunctions.functions.list","cloudfunctions.functions.update","cloudfunctions.operations.get","firebase.projects.get"]}
[debug] [2024-11-28T16:05:26.363Z] Checked if tokens are valid: true, expires at: 1732812576464
[debug] [2024-11-28T16:05:26.364Z] Checked if tokens are valid: true, expires at: 1732812576464
[debug] [2024-11-28T16:05:26.364Z] >>> [apiv2][query] POST https://iam.googleapis.com/v1/projects/hotproducthunt/serviceAccounts/hotproducthunt@appspot.gserviceaccount.com:testIamPermissions [none]
[debug] [2024-11-28T16:05:26.364Z] >>> [apiv2][body] POST https://iam.googleapis.com/v1/projects/hotproducthunt/serviceAccounts/hotproducthunt@appspot.gserviceaccount.com:testIamPermissions {"permissions":["iam.serviceAccounts.actAs"]}
[debug] [2024-11-28T16:05:26.995Z] <<< [apiv2][status] POST https://iam.googleapis.com/v1/projects/hotproducthunt/serviceAccounts/hotproducthunt@appspot.gserviceaccount.com:testIamPermissions 200
[debug] [2024-11-28T16:05:26.995Z] <<< [apiv2][body] POST https://iam.googleapis.com/v1/projects/hotproducthunt/serviceAccounts/hotproducthunt@appspot.gserviceaccount.com:testIamPermissions {"permissions":["iam.serviceAccounts.actAs"]}
[info] 
[info] === Deploying to 'hotproducthunt'...
[info] 
[info] i  deploying functions 
[debug] [2024-11-28T16:05:26.999Z] Checked if tokens are valid: true, expires at: 1732812576464
[debug] [2024-11-28T16:05:26.999Z] Checked if tokens are valid: true, expires at: 1732812576464
[debug] [2024-11-28T16:05:26.999Z] >>> [apiv2][query] GET https://cloudresourcemanager.googleapis.com/v1/projects/hotproducthunt [none]
[debug] [2024-11-28T16:05:27.566Z] <<< [apiv2][status] GET https://cloudresourcemanager.googleapis.com/v1/projects/hotproducthunt 200
[debug] [2024-11-28T16:05:27.566Z] <<< [apiv2][body] GET https://cloudresourcemanager.googleapis.com/v1/projects/hotproducthunt {"projectNumber":"531198615522","projectId":"hotproducthunt","lifecycleState":"ACTIVE","name":"hotproducthunt","labels":{"firebase":"enabled"},"createTime":"2024-11-22T15:00:02.520301Z"}
[info] i  functions: preparing codebase default for deployment 
[info] i  functions: ensuring required API cloudfunctions.googleapis.com is enabled... 
[debug] [2024-11-28T16:05:27.568Z] Checked if tokens are valid: true, expires at: 1732812576464
[debug] [2024-11-28T16:05:27.568Z] Checked if tokens are valid: true, expires at: 1732812576464
[debug] [2024-11-28T16:05:27.568Z] Checked if tokens are valid: true, expires at: 1732812576464
[debug] [2024-11-28T16:05:27.568Z] Checked if tokens are valid: true, expires at: 1732812576464
[info] i  functions: ensuring required API cloudbuild.googleapis.com is enabled... 
[debug] [2024-11-28T16:05:27.569Z] Checked if tokens are valid: true, expires at: 1732812576464
[debug] [2024-11-28T16:05:27.569Z] Checked if tokens are valid: true, expires at: 1732812576464
[info] i  artifactregistry: ensuring required API artifactregistry.googleapis.com is enabled... 
[debug] [2024-11-28T16:05:27.569Z] Checked if tokens are valid: true, expires at: 1732812576464
[debug] [2024-11-28T16:05:27.569Z] Checked if tokens are valid: true, expires at: 1732812576464
[debug] [2024-11-28T16:05:27.570Z] >>> [apiv2][query] GET https://serviceusage.googleapis.com/v1/projects/hotproducthunt/services/cloudfunctions.googleapis.com [none]
[debug] [2024-11-28T16:05:27.570Z] >>> [apiv2][(partial)header] GET https://serviceusage.googleapis.com/v1/projects/hotproducthunt/services/cloudfunctions.googleapis.com x-goog-quota-user=projects/hotproducthunt
[debug] [2024-11-28T16:05:27.571Z] >>> [apiv2][query] GET https://serviceusage.googleapis.com/v1/projects/hotproducthunt/services/runtimeconfig.googleapis.com [none]
[debug] [2024-11-28T16:05:27.571Z] >>> [apiv2][(partial)header] GET https://serviceusage.googleapis.com/v1/projects/hotproducthunt/services/runtimeconfig.googleapis.com x-goog-quota-user=projects/hotproducthunt
[debug] [2024-11-28T16:05:27.571Z] >>> [apiv2][query] GET https://serviceusage.googleapis.com/v1/projects/hotproducthunt/services/cloudbuild.googleapis.com [none]
[debug] [2024-11-28T16:05:27.571Z] >>> [apiv2][(partial)header] GET https://serviceusage.googleapis.com/v1/projects/hotproducthunt/services/cloudbuild.googleapis.com x-goog-quota-user=projects/hotproducthunt
[debug] [2024-11-28T16:05:27.572Z] >>> [apiv2][query] GET https://serviceusage.googleapis.com/v1/projects/hotproducthunt/services/artifactregistry.googleapis.com [none]
[debug] [2024-11-28T16:05:27.572Z] >>> [apiv2][(partial)header] GET https://serviceusage.googleapis.com/v1/projects/hotproducthunt/services/artifactregistry.googleapis.com x-goog-quota-user=projects/hotproducthunt
[debug] [2024-11-28T16:05:28.428Z] <<< [apiv2][status] GET https://serviceusage.googleapis.com/v1/projects/hotproducthunt/services/artifactregistry.googleapis.com 200
[debug] [2024-11-28T16:05:28.428Z] <<< [apiv2][body] GET https://serviceusage.googleapis.com/v1/projects/hotproducthunt/services/artifactregistry.googleapis.com [omitted]
[info] +  artifactregistry: required API artifactregistry.googleapis.com is enabled 
[debug] [2024-11-28T16:05:28.430Z] <<< [apiv2][status] GET https://serviceusage.googleapis.com/v1/projects/hotproducthunt/services/runtimeconfig.googleapis.com 200
[debug] [2024-11-28T16:05:28.431Z] <<< [apiv2][body] GET https://serviceusage.googleapis.com/v1/projects/hotproducthunt/services/runtimeconfig.googleapis.com [omitted]
[debug] [2024-11-28T16:05:28.433Z] <<< [apiv2][status] GET https://serviceusage.googleapis.com/v1/projects/hotproducthunt/services/cloudbuild.googleapis.com 200
[debug] [2024-11-28T16:05:28.433Z] <<< [apiv2][body] GET https://serviceusage.googleapis.com/v1/projects/hotproducthunt/services/cloudbuild.googleapis.com [omitted]
[info] +  functions: required API cloudbuild.googleapis.com is enabled 
[debug] [2024-11-28T16:05:28.478Z] <<< [apiv2][status] GET https://serviceusage.googleapis.com/v1/projects/hotproducthunt/services/cloudfunctions.googleapis.com 200
[debug] [2024-11-28T16:05:28.478Z] <<< [apiv2][body] GET https://serviceusage.googleapis.com/v1/projects/hotproducthunt/services/cloudfunctions.googleapis.com [omitted]
[info] +  functions: required API cloudfunctions.googleapis.com is enabled 
[debug] [2024-11-28T16:05:28.479Z] Checked if tokens are valid: true, expires at: 1732812576464
[debug] [2024-11-28T16:05:28.479Z] Checked if tokens are valid: true, expires at: 1732812576464
[debug] [2024-11-28T16:05:28.479Z] >>> [apiv2][query] GET https://firebase.googleapis.com/v1beta1/projects/hotproducthunt/adminSdkConfig [none]
[debug] [2024-11-28T16:05:28.769Z] <<< [apiv2][status] GET https://firebase.googleapis.com/v1beta1/projects/hotproducthunt/adminSdkConfig 200
[debug] [2024-11-28T16:05:28.769Z] <<< [apiv2][body] GET https://firebase.googleapis.com/v1beta1/projects/hotproducthunt/adminSdkConfig {"projectId":"hotproducthunt","storageBucket":"hotproducthunt.firebasestorage.app"}
[debug] [2024-11-28T16:05:28.769Z] Checked if tokens are valid: true, expires at: 1732812576464
[debug] [2024-11-28T16:05:28.770Z] Checked if tokens are valid: true, expires at: 1732812576464
[debug] [2024-11-28T16:05:28.770Z] >>> [apiv2][query] GET https://runtimeconfig.googleapis.com/v1beta1/projects/hotproducthunt/configs [none]
[debug] [2024-11-28T16:05:29.019Z] <<< [apiv2][status] GET https://runtimeconfig.googleapis.com/v1beta1/projects/hotproducthunt/configs 200
[debug] [2024-11-28T16:05:29.019Z] <<< [apiv2][body] GET https://runtimeconfig.googleapis.com/v1beta1/projects/hotproducthunt/configs {"configs":[{"name":"projects/hotproducthunt/configs/app"},{"name":"projects/hotproducthunt/configs/aliexpress"}]}
[debug] [2024-11-28T16:05:29.020Z] Checked if tokens are valid: true, expires at: 1732812576464
[debug] [2024-11-28T16:05:29.020Z] Checked if tokens are valid: true, expires at: 1732812576464
[debug] [2024-11-28T16:05:29.020Z] Checked if tokens are valid: true, expires at: 1732812576464
[debug] [2024-11-28T16:05:29.020Z] Checked if tokens are valid: true, expires at: 1732812576464
[debug] [2024-11-28T16:05:29.020Z] >>> [apiv2][query] GET https://runtimeconfig.googleapis.com/v1beta1/projects/hotproducthunt/configs/app/variables [none]
[debug] [2024-11-28T16:05:29.022Z] >>> [apiv2][query] GET https://runtimeconfig.googleapis.com/v1beta1/projects/hotproducthunt/configs/aliexpress/variables [none]
[debug] [2024-11-28T16:05:29.237Z] <<< [apiv2][status] GET https://runtimeconfig.googleapis.com/v1beta1/projects/hotproducthunt/configs/app/variables 200
[debug] [2024-11-28T16:05:29.238Z] <<< [apiv2][body] GET https://runtimeconfig.googleapis.com/v1beta1/projects/hotproducthunt/configs/app/variables {"variables":[{"name":"projects/hotproducthunt/configs/app/variables/key","updateTime":"2024-11-26T14:47:54.562985682Z"},{"name":"projects/hotproducthunt/configs/app/variables/secret","updateTime":"2024-11-26T14:47:55.301802302Z"}]}
[debug] [2024-11-28T16:05:29.238Z] Checked if tokens are valid: true, expires at: 1732812576464
[debug] [2024-11-28T16:05:29.238Z] Checked if tokens are valid: true, expires at: 1732812576464
[debug] [2024-11-28T16:05:29.238Z] Checked if tokens are valid: true, expires at: 1732812576464
[debug] [2024-11-28T16:05:29.238Z] Checked if tokens are valid: true, expires at: 1732812576464
[debug] [2024-11-28T16:05:29.238Z] >>> [apiv2][query] GET https://runtimeconfig.googleapis.com/v1beta1/projects/hotproducthunt/configs/app/variables/key [none]
[debug] [2024-11-28T16:05:29.241Z] >>> [apiv2][query] GET https://runtimeconfig.googleapis.com/v1beta1/projects/hotproducthunt/configs/app/variables/secret [none]
[debug] [2024-11-28T16:05:29.357Z] <<< [apiv2][status] GET https://runtimeconfig.googleapis.com/v1beta1/projects/hotproducthunt/configs/aliexpress/variables 200
[debug] [2024-11-28T16:05:29.357Z] <<< [apiv2][body] GET https://runtimeconfig.googleapis.com/v1beta1/projects/hotproducthunt/configs/aliexpress/variables {"variables":[{"name":"projects/hotproducthunt/configs/aliexpress/variables/app_key","updateTime":"2024-11-28T15:52:11.693247441Z"},{"name":"projects/hotproducthunt/configs/aliexpress/variables/app_secret","updateTime":"2024-11-28T15:52:11.373661076Z"}]}
[debug] [2024-11-28T16:05:29.357Z] Checked if tokens are valid: true, expires at: 1732812576464
[debug] [2024-11-28T16:05:29.357Z] Checked if tokens are valid: true, expires at: 1732812576464
[debug] [2024-11-28T16:05:29.357Z] Checked if tokens are valid: true, expires at: 1732812576464
[debug] [2024-11-28T16:05:29.357Z] Checked if tokens are valid: true, expires at: 1732812576464
[debug] [2024-11-28T16:05:29.358Z] >>> [apiv2][query] GET https://runtimeconfig.googleapis.com/v1beta1/projects/hotproducthunt/configs/aliexpress/variables/app_key [none]
[debug] [2024-11-28T16:05:29.360Z] >>> [apiv2][query] GET https://runtimeconfig.googleapis.com/v1beta1/projects/hotproducthunt/configs/aliexpress/variables/app_secret [none]
[debug] [2024-11-28T16:05:29.444Z] <<< [apiv2][status] GET https://runtimeconfig.googleapis.com/v1beta1/projects/hotproducthunt/configs/app/variables/secret 200
[debug] [2024-11-28T16:05:29.444Z] <<< [apiv2][body] GET https://runtimeconfig.googleapis.com/v1beta1/projects/hotproducthunt/configs/app/variables/secret {"name":"projects/hotproducthunt/configs/app/variables/secret","updateTime":"2024-11-26T14:47:55.301802302Z","text":"YtFPNfnl26iUX5k0TGiNZVMVXgV8OZqm"}
[debug] [2024-11-28T16:05:29.461Z] <<< [apiv2][status] GET https://runtimeconfig.googleapis.com/v1beta1/projects/hotproducthunt/configs/app/variables/key 200
[debug] [2024-11-28T16:05:29.461Z] <<< [apiv2][body] GET https://runtimeconfig.googleapis.com/v1beta1/projects/hotproducthunt/configs/app/variables/key {"name":"projects/hotproducthunt/configs/app/variables/key","updateTime":"2024-11-26T14:47:54.562985682Z","text":"511326"}
[debug] [2024-11-28T16:05:29.539Z] <<< [apiv2][status] GET https://runtimeconfig.googleapis.com/v1beta1/projects/hotproducthunt/configs/aliexpress/variables/app_key 200
[debug] [2024-11-28T16:05:29.540Z] <<< [apiv2][body] GET https://runtimeconfig.googleapis.com/v1beta1/projects/hotproducthunt/configs/aliexpress/variables/app_key {"name":"projects/hotproducthunt/configs/aliexpress/variables/app_key","updateTime":"2024-11-28T15:52:11.693247441Z","text":"votre_clé_api"}
[debug] [2024-11-28T16:05:29.562Z] <<< [apiv2][status] GET https://runtimeconfig.googleapis.com/v1beta1/projects/hotproducthunt/configs/aliexpress/variables/app_secret 200
[debug] [2024-11-28T16:05:29.562Z] <<< [apiv2][body] GET https://runtimeconfig.googleapis.com/v1beta1/projects/hotproducthunt/configs/aliexpress/variables/app_secret {"name":"projects/hotproducthunt/configs/aliexpress/variables/app_secret","updateTime":"2024-11-28T15:52:11.373661076Z","text":"votre_secret_api"}
[debug] [2024-11-28T16:05:29.565Z] Validating nodejs source
